2015/03/27 09:34:24 [error] [exception.CHttpException.404] exception 'CHttpException' with message 'Unable to resolve the request "gui".' in /var/www/html/yii-1.1.16.bca042/framework/web/CWebApplication.php:286
Stack trace:
#0 /var/www/html/yii-1.1.16.bca042/framework/web/CWebApplication.php(141): CWebApplication->runController('gui')
#1 /var/www/html/yii-1.1.16.bca042/framework/base/CApplication.php(184): CWebApplication->processRequest()
#2 /var/www/html/blog2015/index.php(13): CApplication->run()
#3 {main}
REQUEST_URI=/blog2015/index.php?r=gui
---
2015/03/27 09:35:28 [error] [exception.CHttpException.404] exception 'CHttpException' with message 'Unable to resolve the request "gii".' in /var/www/html/yii-1.1.16.bca042/framework/web/CWebApplication.php:286
Stack trace:
#0 /var/www/html/yii-1.1.16.bca042/framework/web/CWebApplication.php(141): CWebApplication->runController('gii')
#1 /var/www/html/yii-1.1.16.bca042/framework/base/CApplication.php(184): CWebApplication->processRequest()
#2 /var/www/html/blog2015/index.php(13): CApplication->run()
#3 {main}
REQUEST_URI=/blog2015/index.php?r=gii
---
2015/03/27 09:35:46 [error] [exception.CHttpException.404] exception 'CHttpException' with message 'Unable to resolve the request "gii".' in /var/www/html/yii-1.1.16.bca042/framework/web/CWebApplication.php:286
Stack trace:
#0 /var/www/html/yii-1.1.16.bca042/framework/web/CWebApplication.php(141): CWebApplication->runController('gii')
#1 /var/www/html/yii-1.1.16.bca042/framework/base/CApplication.php(184): CWebApplication->processRequest()
#2 /var/www/html/blog2015/index.php(13): CApplication->run()
#3 {main}
REQUEST_URI=/blog2015/index.php?r=gii
---
2015/03/27 09:36:01 [error] [exception.CHttpException.404] exception 'CHttpException' with message 'Unable to resolve the request "gii".' in /var/www/html/yii-1.1.16.bca042/framework/web/CWebApplication.php:286
Stack trace:
#0 /var/www/html/yii-1.1.16.bca042/framework/web/CWebApplication.php(141): CWebApplication->runController('gii')
#1 /var/www/html/yii-1.1.16.bca042/framework/base/CApplication.php(184): CWebApplication->processRequest()
#2 /var/www/html/blog2015/index.php(13): CApplication->run()
#3 {main}
REQUEST_URI=/blog2015/index.php?r=gii
---
2015/03/27 09:51:58 [error] [exception.CHttpException.404] exception 'CHttpException' with message 'Unable to resolve the request "gii".' in /var/www/html/yii-1.1.16.bca042/framework/web/CWebApplication.php:286
Stack trace:
#0 /var/www/html/yii-1.1.16.bca042/framework/web/CWebApplication.php(141): CWebApplication->runController('gii')
#1 /var/www/html/yii-1.1.16.bca042/framework/base/CApplication.php(184): CWebApplication->processRequest()
#2 /var/www/html/blog2015/index.php(13): CApplication->run()
#3 {main}
REQUEST_URI=/blog2015/index.php?r=gii
---
2015/03/27 09:58:40 [error] [exception.CHttpException.404] exception 'CHttpException' with message 'Unable to resolve the request "gii".' in /var/www/html/yii-1.1.16.bca042/framework/web/CWebApplication.php:286
Stack trace:
#0 /var/www/html/yii-1.1.16.bca042/framework/web/CWebApplication.php(141): CWebApplication->runController('gii')
#1 /var/www/html/yii-1.1.16.bca042/framework/base/CApplication.php(184): CWebApplication->processRequest()
#2 /var/www/html/blog2015/index.php(13): CApplication->run()
#3 {main}
REQUEST_URI=/blog2015/index.php?r=gii
---
2015/03/27 09:58:43 [error] [exception.CHttpException.404] exception 'CHttpException' with message 'Unable to resolve the request "gii".' in /var/www/html/yii-1.1.16.bca042/framework/web/CWebApplication.php:286
Stack trace:
#0 /var/www/html/yii-1.1.16.bca042/framework/web/CWebApplication.php(141): CWebApplication->runController('gii')
#1 /var/www/html/yii-1.1.16.bca042/framework/base/CApplication.php(184): CWebApplication->processRequest()
#2 /var/www/html/blog2015/index.php(13): CApplication->run()
#3 {main}
REQUEST_URI=/blog2015/index.php?r=gii
---
2015/03/27 09:59:20 [error] [exception.CHttpException.404] exception 'CHttpException' with message 'Unable to resolve the request "gii".' in /var/www/html/yii-1.1.16.bca042/framework/web/CWebApplication.php:286
Stack trace:
#0 /var/www/html/yii-1.1.16.bca042/framework/web/CWebApplication.php(141): CWebApplication->runController('gii')
#1 /var/www/html/yii-1.1.16.bca042/framework/base/CApplication.php(184): CWebApplication->processRequest()
#2 /var/www/html/blog2015/index.php(13): CApplication->run()
#3 {main}
REQUEST_URI=/blog2015/index.php?r=gii
---
2015/03/27 10:01:17 [error] [exception.CHttpException.404] exception 'CHttpException' with message 'Unable to resolve the request "gii".' in /var/www/html/yii-1.1.16.bca042/framework/web/CWebApplication.php:286
Stack trace:
#0 /var/www/html/yii-1.1.16.bca042/framework/web/CWebApplication.php(141): CWebApplication->runController('gii')
#1 /var/www/html/yii-1.1.16.bca042/framework/base/CApplication.php(184): CWebApplication->processRequest()
#2 /var/www/html/blog2015/index.php(13): CApplication->run()
#3 {main}
REQUEST_URI=/blog2015/index.php?r=gii
---
2015/03/27 10:10:02 [error] [exception.CHttpException.404] exception 'CHttpException' with message 'Unable to resolve the request "gii".' in /var/www/html/yii-1.1.16.bca042/framework/web/CWebApplication.php:286
Stack trace:
#0 /var/www/html/yii-1.1.16.bca042/framework/web/CWebApplication.php(141): CWebApplication->runController('gii')
#1 /var/www/html/yii-1.1.16.bca042/framework/base/CApplication.php(184): CWebApplication->processRequest()
#2 /var/www/html/blog2015/index.php(13): CApplication->run()
#3 {main}
REQUEST_URI=/blog2015/index.php?r=gii
---
2015/03/27 10:10:06 [error] [exception.CHttpException.404] exception 'CHttpException' with message 'Unable to resolve the request "gii".' in /var/www/html/yii-1.1.16.bca042/framework/web/CWebApplication.php:286
Stack trace:
#0 /var/www/html/yii-1.1.16.bca042/framework/web/CWebApplication.php(141): CWebApplication->runController('gii')
#1 /var/www/html/yii-1.1.16.bca042/framework/base/CApplication.php(184): CWebApplication->processRequest()
#2 /var/www/html/blog2015/index.php(13): CApplication->run()
#3 {main}
REQUEST_URI=/blog2015/index.php?r=gii
---
2015/03/27 10:31:06 [error] [system.db.CDbCommand] Error in preparing SQL: PRAGMA table_info('public'.'tbl_post')
in /var/www/html/blog2015/index.php (13)
2015/03/27 10:31:06 [error] [system.db.CDbCommand] CDbCommand::fetchAll() failed: CDbCommand failed to prepare the SQL statement: SQLSTATE[HY000]: General error: 1 near ".": syntax error. The SQL statement executed was: PRAGMA table_info('public'.'tbl_post').
in /var/www/html/blog2015/index.php (13)
2015/03/27 10:31:06 [error] [exception.CDbException] exception 'CDbException' with message 'CDbCommand failed to execute the SQL statement: CDbCommand failed to prepare the SQL statement: SQLSTATE[HY000]: General error: 1 near ".": syntax error. The SQL statement executed was: PRAGMA table_info('public'.'tbl_post')' in /var/www/html/yii-1.1.16.bca042/framework/db/CDbCommand.php:543
Stack trace:
#0 /var/www/html/yii-1.1.16.bca042/framework/db/CDbCommand.php(396): CDbCommand->queryInternal('fetchAll', Array, Array)
#1 /var/www/html/yii-1.1.16.bca042/framework/db/schema/sqlite/CSqliteSchema.php(134): CDbCommand->queryAll()
#2 /var/www/html/yii-1.1.16.bca042/framework/db/schema/sqlite/CSqliteSchema.php(117): CSqliteSchema->findColumns(Object(CDbTableSchema))
#3 /var/www/html/yii-1.1.16.bca042/framework/db/schema/CDbSchema.php(103): CSqliteSchema->loadTable('public.tbl_post')
#4 /var/www/html/yii-1.1.16.bca042/framework/gii/generators/model/ModelCode.php(195): CDbSchema->getTable('public.tbl_post', false)
#5 /var/www/html/yii-1.1.16.bca042/framework/gii/generators/model/ModelCode.php(147): ModelCode->getTableSchema('public.tbl_post')
#6 /var/www/html/yii-1.1.16.bca042/framework/validators/CInlineValidator.php(42): ModelCode->validateTableName('tableName', Array)
#7 /var/www/html/yii-1.1.16.bca042/framework/validators/CValidator.php(201): CInlineValidator->validateAttribute(Object(ModelCode), 'tableName')
#8 /var/www/html/yii-1.1.16.bca042/framework/base/CModel.php(159): CValidator->validate(Object(ModelCode), NULL)
#9 /var/www/html/yii-1.1.16.bca042/framework/gii/CCodeGenerator.php(159): CModel->validate()
#10 /var/www/html/yii-1.1.16.bca042/framework/gii/CCodeGenerator.php(63): CCodeGenerator->prepare()
#11 /var/www/html/yii-1.1.16.bca042/framework/web/actions/CInlineAction.php(49): CCodeGenerator->actionIndex()
#12 /var/www/html/yii-1.1.16.bca042/framework/web/CController.php(308): CInlineAction->runWithParams(Array)
#13 /var/www/html/yii-1.1.16.bca042/framework/web/CController.php(286): CController->runAction(Object(CInlineAction))
#14 /var/www/html/yii-1.1.16.bca042/framework/web/CController.php(265): CController->runActionWithFilters(Object(CInlineAction), Array)
#15 /var/www/html/yii-1.1.16.bca042/framework/web/CWebApplication.php(282): CController->run('index')
#16 /var/www/html/yii-1.1.16.bca042/framework/web/CWebApplication.php(141): CWebApplication->runController('gii/model/index')
#17 /var/www/html/yii-1.1.16.bca042/framework/base/CApplication.php(184): CWebApplication->processRequest()
#18 /var/www/html/blog2015/index.php(13): CApplication->run()
#19 {main}
REQUEST_URI=/blog2015/index.php?r=gii/model/index
HTTP_REFERER=http://localhost/blog2015/index.php?r=gii/model/index
---
2015/03/27 11:39:42 [error] [exception.CHttpException.404] exception 'CHttpException' with message 'Unable to resolve the request "post".' in /var/www/html/yii-1.1.16.bca042/framework/web/CWebApplication.php:286
Stack trace:
#0 /var/www/html/yii-1.1.16.bca042/framework/web/CWebApplication.php(141): CWebApplication->runController('post')
#1 /var/www/html/yii-1.1.16.bca042/framework/base/CApplication.php(184): CWebApplication->processRequest()
#2 /var/www/html/blog2015/index.php(13): CApplication->run()
#3 {main}
REQUEST_URI=/blog2015/index.php?r=post
---
2015/03/27 11:40:52 [error] [exception.CHttpException.404] exception 'CHttpException' with message 'Unable to resolve the request "comment".' in /var/www/html/yii-1.1.16.bca042/framework/web/CWebApplication.php:286
Stack trace:
#0 /var/www/html/yii-1.1.16.bca042/framework/web/CWebApplication.php(141): CWebApplication->runController('comment')
#1 /var/www/html/yii-1.1.16.bca042/framework/base/CApplication.php(184): CWebApplication->processRequest()
#2 /var/www/html/blog2015/index.php(13): CApplication->run()
#3 {main}
REQUEST_URI=/blog2015/index.php?r=comment
---
2015/03/27 11:41:25 [error] [exception.CHttpException.404] exception 'CHttpException' with message 'Unable to resolve the request "tblcomment".' in /var/www/html/yii-1.1.16.bca042/framework/web/CWebApplication.php:286
Stack trace:
#0 /var/www/html/yii-1.1.16.bca042/framework/web/CWebApplication.php(141): CWebApplication->runController('tblcomment')
#1 /var/www/html/yii-1.1.16.bca042/framework/base/CApplication.php(184): CWebApplication->processRequest()
#2 /var/www/html/blog2015/index.php(13): CApplication->run()
#3 {main}
REQUEST_URI=/blog2015/index.php?r=tblcomment
---
2015/03/27 12:09:23 [error] [php] include(User.php): failed to open stream: No such file or directory (/var/www/html/yii-1.1.16.bca042/framework/YiiBase.php:432)
Stack trace:
#0 /var/www/html/blog2015/protected/components/UserIdentity.php(34): spl_autoload_call()
#1 /var/www/html/blog2015/protected/models/LoginForm.php(52): UserIdentity->authenticate()
#2 /var/www/html/yii-1.1.16.bca042/framework/validators/CInlineValidator.php(42): LoginForm->authenticate()
#3 /var/www/html/yii-1.1.16.bca042/framework/validators/CValidator.php(201): CInlineValidator->validateAttribute()
#4 /var/www/html/yii-1.1.16.bca042/framework/base/CModel.php(159): CInlineValidator->validate()
#5 /var/www/html/blog2015/protected/controllers/SiteController.php(94): LoginForm->validate()
#6 /var/www/html/yii-1.1.16.bca042/framework/web/actions/CInlineAction.php(49): SiteController->actionLogin()
#7 /var/www/html/yii-1.1.16.bca042/framework/web/CController.php(308): CInlineAction->runWithParams()
#8 /var/www/html/yii-1.1.16.bca042/framework/web/CController.php(286): SiteController->runAction()
#9 /var/www/html/yii-1.1.16.bca042/framework/web/CController.php(265): SiteController->runActionWithFilters()
#10 /var/www/html/yii-1.1.16.bca042/framework/web/CWebApplication.php(282): SiteController->run()
#11 /var/www/html/yii-1.1.16.bca042/framework/web/CWebApplication.php(141): CWebApplication->runController()
#12 /var/www/html/yii-1.1.16.bca042/framework/base/CApplication.php(184): CWebApplication->processRequest()
#13 /var/www/html/blog2015/index.php(13): CWebApplication->run()
REQUEST_URI=/blog2015/index.php?r=site/login
in /var/www/html/blog2015/protected/components/UserIdentity.php (34)
in /var/www/html/blog2015/protected/models/LoginForm.php (52)
in /var/www/html/blog2015/protected/controllers/SiteController.php (94)
2015/03/27 12:12:11 [error] [php] include(User.php): failed to open stream: No such file or directory (/var/www/html/yii-1.1.16.bca042/framework/YiiBase.php:432)
Stack trace:
#0 /var/www/html/blog2015/protected/components/UserIdentity.php(34): spl_autoload_call()
#1 /var/www/html/blog2015/protected/models/LoginForm.php(52): UserIdentity->authenticate()
#2 /var/www/html/yii-1.1.16.bca042/framework/validators/CInlineValidator.php(42): LoginForm->authenticate()
#3 /var/www/html/yii-1.1.16.bca042/framework/validators/CValidator.php(201): CInlineValidator->validateAttribute()
#4 /var/www/html/yii-1.1.16.bca042/framework/base/CModel.php(159): CInlineValidator->validate()
#5 /var/www/html/blog2015/protected/controllers/SiteController.php(94): LoginForm->validate()
#6 /var/www/html/yii-1.1.16.bca042/framework/web/actions/CInlineAction.php(49): SiteController->actionLogin()
#7 /var/www/html/yii-1.1.16.bca042/framework/web/CController.php(308): CInlineAction->runWithParams()
#8 /var/www/html/yii-1.1.16.bca042/framework/web/CController.php(286): SiteController->runAction()
#9 /var/www/html/yii-1.1.16.bca042/framework/web/CController.php(265): SiteController->runActionWithFilters()
#10 /var/www/html/yii-1.1.16.bca042/framework/web/CWebApplication.php(282): SiteController->run()
#11 /var/www/html/yii-1.1.16.bca042/framework/web/CWebApplication.php(141): CWebApplication->runController()
#12 /var/www/html/yii-1.1.16.bca042/framework/base/CApplication.php(184): CWebApplication->processRequest()
#13 /var/www/html/blog2015/index.php(13): CWebApplication->run()
REQUEST_URI=/blog2015/index.php?r=site/login
in /var/www/html/blog2015/protected/components/UserIdentity.php (34)
in /var/www/html/blog2015/protected/models/LoginForm.php (52)
in /var/www/html/blog2015/protected/controllers/SiteController.php (94)
2015/03/27 12:12:36 [error] [php] include(User.php): failed to open stream: No such file or directory (/var/www/html/yii-1.1.16.bca042/framework/YiiBase.php:432)
Stack trace:
#0 /var/www/html/blog2015/protected/components/UserIdentity.php(34): spl_autoload_call()
#1 /var/www/html/blog2015/protected/models/LoginForm.php(52): UserIdentity->authenticate()
#2 /var/www/html/yii-1.1.16.bca042/framework/validators/CInlineValidator.php(42): LoginForm->authenticate()
#3 /var/www/html/yii-1.1.16.bca042/framework/validators/CValidator.php(201): CInlineValidator->validateAttribute()
#4 /var/www/html/yii-1.1.16.bca042/framework/base/CModel.php(159): CInlineValidator->validate()
#5 /var/www/html/blog2015/protected/controllers/SiteController.php(94): LoginForm->validate()
#6 /var/www/html/yii-1.1.16.bca042/framework/web/actions/CInlineAction.php(49): SiteController->actionLogin()
#7 /var/www/html/yii-1.1.16.bca042/framework/web/CController.php(308): CInlineAction->runWithParams()
#8 /var/www/html/yii-1.1.16.bca042/framework/web/CController.php(286): SiteController->runAction()
#9 /var/www/html/yii-1.1.16.bca042/framework/web/CController.php(265): SiteController->runActionWithFilters()
#10 /var/www/html/yii-1.1.16.bca042/framework/web/CWebApplication.php(282): SiteController->run()
#11 /var/www/html/yii-1.1.16.bca042/framework/web/CWebApplication.php(141): CWebApplication->runController()
#12 /var/www/html/yii-1.1.16.bca042/framework/base/CApplication.php(184): CWebApplication->processRequest()
#13 /var/www/html/blog2015/index.php(13): CWebApplication->run()
REQUEST_URI=/blog2015/index.php?r=site/login
in /var/www/html/blog2015/protected/components/UserIdentity.php (34)
in /var/www/html/blog2015/protected/models/LoginForm.php (52)
in /var/www/html/blog2015/protected/controllers/SiteController.php (94)
2015/03/27 12:15:02 [error] [php] include(User.php): failed to open stream: No such file or directory (/var/www/html/yii-1.1.16.bca042/framework/YiiBase.php:432)
Stack trace:
#0 /var/www/html/blog2015/protected/components/UserIdentity.php(34): spl_autoload_call()
#1 /var/www/html/blog2015/protected/models/LoginForm.php(52): UserIdentity->authenticate()
#2 /var/www/html/yii-1.1.16.bca042/framework/validators/CInlineValidator.php(42): LoginForm->authenticate()
#3 /var/www/html/yii-1.1.16.bca042/framework/validators/CValidator.php(201): CInlineValidator->validateAttribute()
#4 /var/www/html/yii-1.1.16.bca042/framework/base/CModel.php(159): CInlineValidator->validate()
#5 /var/www/html/blog2015/protected/controllers/SiteController.php(94): LoginForm->validate()
#6 /var/www/html/yii-1.1.16.bca042/framework/web/actions/CInlineAction.php(49): SiteController->actionLogin()
#7 /var/www/html/yii-1.1.16.bca042/framework/web/CController.php(308): CInlineAction->runWithParams()
#8 /var/www/html/yii-1.1.16.bca042/framework/web/CController.php(286): SiteController->runAction()
#9 /var/www/html/yii-1.1.16.bca042/framework/web/CController.php(265): SiteController->runActionWithFilters()
#10 /var/www/html/yii-1.1.16.bca042/framework/web/CWebApplication.php(282): SiteController->run()
#11 /var/www/html/yii-1.1.16.bca042/framework/web/CWebApplication.php(141): CWebApplication->runController()
#12 /var/www/html/yii-1.1.16.bca042/framework/base/CApplication.php(184): CWebApplication->processRequest()
#13 /var/www/html/blog2015/index.php(13): CWebApplication->run()
REQUEST_URI=/blog2015/index.php?r=site/login
in /var/www/html/blog2015/protected/components/UserIdentity.php (34)
in /var/www/html/blog2015/protected/models/LoginForm.php (52)
in /var/www/html/blog2015/protected/controllers/SiteController.php (94)
2015/03/27 12:15:10 [error] [php] include(User.php): failed to open stream: No such file or directory (/var/www/html/yii-1.1.16.bca042/framework/YiiBase.php:432)
Stack trace:
#0 /var/www/html/blog2015/protected/components/UserIdentity.php(34): spl_autoload_call()
#1 /var/www/html/blog2015/protected/models/LoginForm.php(52): UserIdentity->authenticate()
#2 /var/www/html/yii-1.1.16.bca042/framework/validators/CInlineValidator.php(42): LoginForm->authenticate()
#3 /var/www/html/yii-1.1.16.bca042/framework/validators/CValidator.php(201): CInlineValidator->validateAttribute()
#4 /var/www/html/yii-1.1.16.bca042/framework/base/CModel.php(159): CInlineValidator->validate()
#5 /var/www/html/blog2015/protected/controllers/SiteController.php(94): LoginForm->validate()
#6 /var/www/html/yii-1.1.16.bca042/framework/web/actions/CInlineAction.php(49): SiteController->actionLogin()
#7 /var/www/html/yii-1.1.16.bca042/framework/web/CController.php(308): CInlineAction->runWithParams()
#8 /var/www/html/yii-1.1.16.bca042/framework/web/CController.php(286): SiteController->runAction()
#9 /var/www/html/yii-1.1.16.bca042/framework/web/CController.php(265): SiteController->runActionWithFilters()
#10 /var/www/html/yii-1.1.16.bca042/framework/web/CWebApplication.php(282): SiteController->run()
#11 /var/www/html/yii-1.1.16.bca042/framework/web/CWebApplication.php(141): CWebApplication->runController()
#12 /var/www/html/yii-1.1.16.bca042/framework/base/CApplication.php(184): CWebApplication->processRequest()
#13 /var/www/html/blog2015/index.php(13): CWebApplication->run()
REQUEST_URI=/blog2015/index.php?r=site/login
in /var/www/html/blog2015/protected/components/UserIdentity.php (34)
in /var/www/html/blog2015/protected/models/LoginForm.php (52)
in /var/www/html/blog2015/protected/controllers/SiteController.php (94)
2015/03/27 12:30:56 [error] [exception.CHttpException.403] exception 'CHttpException' with message 'You are not authorized to perform this action.' in /var/www/html/yii-1.1.16.bca042/framework/web/auth/CAccessControlFilter.php:182
Stack trace:
#0 /var/www/html/yii-1.1.16.bca042/framework/web/auth/CAccessControlFilter.php(145): CAccessControlFilter->accessDenied(Object(CWebUser), 'You are not aut...')
#1 /var/www/html/yii-1.1.16.bca042/framework/web/filters/CFilter.php(38): CAccessControlFilter->preFilter(Object(CFilterChain))
#2 /var/www/html/yii-1.1.16.bca042/framework/web/CController.php(1145): CFilter->filter(Object(CFilterChain))
#3 /var/www/html/yii-1.1.16.bca042/framework/web/filters/CInlineFilter.php(58): CController->filterAccessControl(Object(CFilterChain))
#4 /var/www/html/yii-1.1.16.bca042/framework/web/filters/CFilterChain.php(130): CInlineFilter->filter(Object(CFilterChain))
#5 /var/www/html/yii-1.1.16.bca042/framework/web/CController.php(291): CFilterChain->run()
#6 /var/www/html/yii-1.1.16.bca042/framework/web/CController.php(265): CController->runActionWithFilters(Object(CInlineAction), Array)
#7 /var/www/html/yii-1.1.16.bca042/framework/web/CWebApplication.php(282): CController->run('admin')
#8 /var/www/html/yii-1.1.16.bca042/framework/web/CWebApplication.php(141): CWebApplication->runController('tblComment/admi...')
#9 /var/www/html/yii-1.1.16.bca042/framework/base/CApplication.php(184): CWebApplication->processRequest()
#10 /var/www/html/blog2015/index.php(13): CApplication->run()
#11 {main}
REQUEST_URI=/blog2015/index.php?r=tblComment/admin
HTTP_REFERER=http://localhost/blog2015/index.php?r=site/login
---
2015/03/27 12:41:23 [error] [php] include(User.php): failed to open stream: No such file or directory (/var/www/html/yii-1.1.16.bca042/framework/YiiBase.php:432)
Stack trace:
#0 /var/www/html/blog2015/protected/components/UserIdentity.php(21): spl_autoload_call()
#1 /var/www/html/blog2015/protected/models/LoginForm.php(53): UserIdentity->authenticate()
#2 /var/www/html/yii-1.1.16.bca042/framework/validators/CInlineValidator.php(42): LoginForm->authenticate()
#3 /var/www/html/yii-1.1.16.bca042/framework/validators/CValidator.php(201): CInlineValidator->validateAttribute()
#4 /var/www/html/yii-1.1.16.bca042/framework/base/CModel.php(159): CInlineValidator->validate()
#5 /var/www/html/blog2015/protected/controllers/SiteController.php(94): LoginForm->validate()
#6 /var/www/html/yii-1.1.16.bca042/framework/web/actions/CInlineAction.php(49): SiteController->actionLogin()
#7 /var/www/html/yii-1.1.16.bca042/framework/web/CController.php(308): CInlineAction->runWithParams()
#8 /var/www/html/yii-1.1.16.bca042/framework/web/CController.php(286): SiteController->runAction()
#9 /var/www/html/yii-1.1.16.bca042/framework/web/CController.php(265): SiteController->runActionWithFilters()
#10 /var/www/html/yii-1.1.16.bca042/framework/web/CWebApplication.php(282): SiteController->run()
#11 /var/www/html/yii-1.1.16.bca042/framework/web/CWebApplication.php(141): CWebApplication->runController()
#12 /var/www/html/yii-1.1.16.bca042/framework/base/CApplication.php(184): CWebApplication->processRequest()
#13 /var/www/html/blog2015/index.php(13): CWebApplication->run()
REQUEST_URI=/blog2015/index.php?r=site/login
in /var/www/html/blog2015/protected/components/UserIdentity.php (21)
in /var/www/html/blog2015/protected/models/LoginForm.php (53)
in /var/www/html/blog2015/protected/controllers/SiteController.php (94)
2015/03/27 12:50:50 [error] [php] include(User.php): failed to open stream: No such file or directory (/var/www/html/yii-1.1.16.bca042/framework/YiiBase.php:432)
Stack trace:
#0 /var/www/html/blog2015/protected/components/UserIdentity.php(21): spl_autoload_call()
#1 /var/www/html/blog2015/protected/models/LoginForm.php(53): UserIdentity->authenticate()
#2 /var/www/html/yii-1.1.16.bca042/framework/validators/CInlineValidator.php(42): LoginForm->authenticate()
#3 /var/www/html/yii-1.1.16.bca042/framework/validators/CValidator.php(201): CInlineValidator->validateAttribute()
#4 /var/www/html/yii-1.1.16.bca042/framework/base/CModel.php(159): CInlineValidator->validate()
#5 /var/www/html/blog2015/protected/controllers/SiteController.php(94): LoginForm->validate()
#6 /var/www/html/yii-1.1.16.bca042/framework/web/actions/CInlineAction.php(49): SiteController->actionLogin()
#7 /var/www/html/yii-1.1.16.bca042/framework/web/CController.php(308): CInlineAction->runWithParams()
#8 /var/www/html/yii-1.1.16.bca042/framework/web/CController.php(286): SiteController->runAction()
#9 /var/www/html/yii-1.1.16.bca042/framework/web/CController.php(265): SiteController->runActionWithFilters()
#10 /var/www/html/yii-1.1.16.bca042/framework/web/CWebApplication.php(282): SiteController->run()
#11 /var/www/html/yii-1.1.16.bca042/framework/web/CWebApplication.php(141): CWebApplication->runController()
#12 /var/www/html/yii-1.1.16.bca042/framework/base/CApplication.php(184): CWebApplication->processRequest()
#13 /var/www/html/blog2015/index.php(13): CWebApplication->run()
REQUEST_URI=/blog2015/index.php?r=site/login
in /var/www/html/blog2015/protected/components/UserIdentity.php (21)
in /var/www/html/blog2015/protected/models/LoginForm.php (53)
in /var/www/html/blog2015/protected/controllers/SiteController.php (94)
2015/03/27 12:59:13 [error] [php] include(User.php): failed to open stream: No such file or directory (/var/www/html/yii-1.1.16.bca042/framework/YiiBase.php:432)
Stack trace:
#0 /var/www/html/blog2015/protected/components/UserIdentity.php(21): spl_autoload_call()
#1 /var/www/html/blog2015/protected/models/LoginForm.php(53): UserIdentity->authenticate()
#2 /var/www/html/yii-1.1.16.bca042/framework/validators/CInlineValidator.php(42): LoginForm->authenticate()
#3 /var/www/html/yii-1.1.16.bca042/framework/validators/CValidator.php(201): CInlineValidator->validateAttribute()
#4 /var/www/html/yii-1.1.16.bca042/framework/base/CModel.php(159): CInlineValidator->validate()
#5 /var/www/html/blog2015/protected/controllers/SiteController.php(94): LoginForm->validate()
#6 /var/www/html/yii-1.1.16.bca042/framework/web/actions/CInlineAction.php(49): SiteController->actionLogin()
#7 /var/www/html/yii-1.1.16.bca042/framework/web/CController.php(308): CInlineAction->runWithParams()
#8 /var/www/html/yii-1.1.16.bca042/framework/web/CController.php(286): SiteController->runAction()
#9 /var/www/html/yii-1.1.16.bca042/framework/web/CController.php(265): SiteController->runActionWithFilters()
#10 /var/www/html/yii-1.1.16.bca042/framework/web/CWebApplication.php(282): SiteController->run()
#11 /var/www/html/yii-1.1.16.bca042/framework/web/CWebApplication.php(141): CWebApplication->runController()
#12 /var/www/html/yii-1.1.16.bca042/framework/base/CApplication.php(184): CWebApplication->processRequest()
#13 /var/www/html/blog2015/index.php(13): CWebApplication->run()
REQUEST_URI=/blog2015/index.php?r=site/login
in /var/www/html/blog2015/protected/components/UserIdentity.php (21)
in /var/www/html/blog2015/protected/models/LoginForm.php (53)
in /var/www/html/blog2015/protected/controllers/SiteController.php (94)
2015/03/27 20:44:21 [error] [php] include(User.php): failed to open stream: No such file or directory (/var/www/html/yii-1.1.16.bca042/framework/YiiBase.php:432)
Stack trace:
#0 /var/www/html/blog2015/protected/components/UserIdentity.php(21): spl_autoload_call()
#1 /var/www/html/blog2015/protected/models/LoginForm.php(52): UserIdentity->authenticate()
#2 /var/www/html/yii-1.1.16.bca042/framework/validators/CInlineValidator.php(42): LoginForm->authenticate()
#3 /var/www/html/yii-1.1.16.bca042/framework/validators/CValidator.php(201): CInlineValidator->validateAttribute()
#4 /var/www/html/yii-1.1.16.bca042/framework/base/CModel.php(159): CInlineValidator->validate()
#5 /var/www/html/blog2015/protected/controllers/SiteController.php(94): LoginForm->validate()
#6 /var/www/html/yii-1.1.16.bca042/framework/web/actions/CInlineAction.php(49): SiteController->actionLogin()
#7 /var/www/html/yii-1.1.16.bca042/framework/web/CController.php(308): CInlineAction->runWithParams()
#8 /var/www/html/yii-1.1.16.bca042/framework/web/CController.php(286): SiteController->runAction()
#9 /var/www/html/yii-1.1.16.bca042/framework/web/CController.php(265): SiteController->runActionWithFilters()
#10 /var/www/html/yii-1.1.16.bca042/framework/web/CWebApplication.php(282): SiteController->run()
#11 /var/www/html/yii-1.1.16.bca042/framework/web/CWebApplication.php(141): CWebApplication->runController()
#12 /var/www/html/yii-1.1.16.bca042/framework/base/CApplication.php(184): CWebApplication->processRequest()
#13 /var/www/html/blog2015/index.php(13): CWebApplication->run()
REQUEST_URI=/blog2015/index.php?r=site/login
in /var/www/html/blog2015/protected/components/UserIdentity.php (21)
in /var/www/html/blog2015/protected/models/LoginForm.php (52)
in /var/www/html/blog2015/protected/controllers/SiteController.php (94)
2015/03/27 20:52:36 [error] [php] include(User.php): failed to open stream: No such file or directory (/var/www/html/yii-1.1.16.bca042/framework/YiiBase.php:432)
Stack trace:
#0 /var/www/html/blog2015/protected/components/UserIdentity.php(22): spl_autoload_call()
#1 /var/www/html/blog2015/protected/models/LoginForm.php(52): UserIdentity->authenticate()
#2 /var/www/html/yii-1.1.16.bca042/framework/validators/CInlineValidator.php(42): LoginForm->authenticate()
#3 /var/www/html/yii-1.1.16.bca042/framework/validators/CValidator.php(201): CInlineValidator->validateAttribute()
#4 /var/www/html/yii-1.1.16.bca042/framework/base/CModel.php(159): CInlineValidator->validate()
#5 /var/www/html/blog2015/protected/controllers/SiteController.php(94): LoginForm->validate()
#6 /var/www/html/yii-1.1.16.bca042/framework/web/actions/CInlineAction.php(49): SiteController->actionLogin()
#7 /var/www/html/yii-1.1.16.bca042/framework/web/CController.php(308): CInlineAction->runWithParams()
#8 /var/www/html/yii-1.1.16.bca042/framework/web/CController.php(286): SiteController->runAction()
#9 /var/www/html/yii-1.1.16.bca042/framework/web/CController.php(265): SiteController->runActionWithFilters()
#10 /var/www/html/yii-1.1.16.bca042/framework/web/CWebApplication.php(282): SiteController->run()
#11 /var/www/html/yii-1.1.16.bca042/framework/web/CWebApplication.php(141): CWebApplication->runController()
#12 /var/www/html/yii-1.1.16.bca042/framework/base/CApplication.php(184): CWebApplication->processRequest()
#13 /var/www/html/blog2015/index.php(13): CWebApplication->run()
REQUEST_URI=/blog2015/index.php?r=site/login
in /var/www/html/blog2015/protected/components/UserIdentity.php (22)
in /var/www/html/blog2015/protected/models/LoginForm.php (52)
in /var/www/html/blog2015/protected/controllers/SiteController.php (94)
2015/03/27 20:55:26 [error] [php] include(tblUser.php): failed to open stream: No such file or directory (/var/www/html/yii-1.1.16.bca042/framework/YiiBase.php:432)
Stack trace:
#0 /var/www/html/blog2015/protected/components/UserIdentity.php(22): spl_autoload_call()
#1 /var/www/html/blog2015/protected/models/LoginForm.php(52): UserIdentity->authenticate()
#2 /var/www/html/yii-1.1.16.bca042/framework/validators/CInlineValidator.php(42): LoginForm->authenticate()
#3 /var/www/html/yii-1.1.16.bca042/framework/validators/CValidator.php(201): CInlineValidator->validateAttribute()
#4 /var/www/html/yii-1.1.16.bca042/framework/base/CModel.php(159): CInlineValidator->validate()
#5 /var/www/html/blog2015/protected/controllers/SiteController.php(94): LoginForm->validate()
#6 /var/www/html/yii-1.1.16.bca042/framework/web/actions/CInlineAction.php(49): SiteController->actionLogin()
#7 /var/www/html/yii-1.1.16.bca042/framework/web/CController.php(308): CInlineAction->runWithParams()
#8 /var/www/html/yii-1.1.16.bca042/framework/web/CController.php(286): SiteController->runAction()
#9 /var/www/html/yii-1.1.16.bca042/framework/web/CController.php(265): SiteController->runActionWithFilters()
#10 /var/www/html/yii-1.1.16.bca042/framework/web/CWebApplication.php(282): SiteController->run()
#11 /var/www/html/yii-1.1.16.bca042/framework/web/CWebApplication.php(141): CWebApplication->runController()
#12 /var/www/html/yii-1.1.16.bca042/framework/base/CApplication.php(184): CWebApplication->processRequest()
#13 /var/www/html/blog2015/index.php(13): CWebApplication->run()
REQUEST_URI=/blog2015/index.php?r=site/login
in /var/www/html/blog2015/protected/components/UserIdentity.php (22)
in /var/www/html/blog2015/protected/models/LoginForm.php (52)
in /var/www/html/blog2015/protected/controllers/SiteController.php (94)
2015/03/27 21:38:19 [error] [exception.CHttpException.404] exception 'CHttpException' with message 'Unable to resolve the request "tblCommentb".' in /var/www/html/yii-1.1.16.bca042/framework/web/CWebApplication.php:286
Stack trace:
#0 /var/www/html/yii-1.1.16.bca042/framework/web/CWebApplication.php(141): CWebApplication->runController('tblCommentb')
#1 /var/www/html/yii-1.1.16.bca042/framework/base/CApplication.php(184): CWebApplication->processRequest()
#2 /var/www/html/blog2015/index.php(13): CApplication->run()
#3 {main}
REQUEST_URI=/blog2015/index.php?r=tblCommentb
---
2015/03/29 21:01:45 [error] [exception.CHttpException.403] exception 'CHttpException' with message 'You are not authorized to perform this action.' in /var/www/html/yii-1.1.16.bca042/framework/web/auth/CAccessControlFilter.php:182
Stack trace:
#0 /var/www/html/yii-1.1.16.bca042/framework/web/auth/CAccessControlFilter.php(145): CAccessControlFilter->accessDenied(Object(CWebUser), 'You are not aut...')
#1 /var/www/html/yii-1.1.16.bca042/framework/web/filters/CFilter.php(38): CAccessControlFilter->preFilter(Object(CFilterChain))
#2 /var/www/html/yii-1.1.16.bca042/framework/web/CController.php(1145): CFilter->filter(Object(CFilterChain))
#3 /var/www/html/yii-1.1.16.bca042/framework/web/filters/CInlineFilter.php(58): CController->filterAccessControl(Object(CFilterChain))
#4 /var/www/html/yii-1.1.16.bca042/framework/web/filters/CFilterChain.php(130): CInlineFilter->filter(Object(CFilterChain))
#5 /var/www/html/yii-1.1.16.bca042/framework/web/CController.php(291): CFilterChain->run()
#6 /var/www/html/yii-1.1.16.bca042/framework/web/CController.php(265): CController->runActionWithFilters(Object(CInlineAction), Array)
#7 /var/www/html/yii-1.1.16.bca042/framework/web/CWebApplication.php(282): CController->run('admin')
#8 /var/www/html/yii-1.1.16.bca042/framework/web/CWebApplication.php(141): CWebApplication->runController('tblPost/admin')
#9 /var/www/html/yii-1.1.16.bca042/framework/base/CApplication.php(184): CWebApplication->processRequest()
#10 /var/www/html/blog2015/index.php(13): CApplication->run()
#11 {main}
REQUEST_URI=/blog2015/index.php?r=tblPost/admin
HTTP_REFERER=http://localhost/blog2015/index.php?r=tblPost/create
---
2015/03/29 21:02:56 [error] [system.db.CDbCommand] CDbCommand::execute() failed: SQLSTATE[HY000]: General error: 8 attempt to write a readonly database. The SQL statement executed was: INSERT INTO 'tbl_post' ("title", "content", "tags", "status", "create_time", "update_time", "author_id") VALUES (:yp0, :yp1, :yp2, :yp3, :yp4, :yp5, :yp6).
in /var/www/html/blog2015/protected/controllers/TblPostController.php (73)
in /var/www/html/blog2015/index.php (13)
2015/03/29 21:02:56 [error] [exception.CDbException] exception 'CDbException' with message 'CDbCommand failed to execute the SQL statement: SQLSTATE[HY000]: General error: 8 attempt to write a readonly database. The SQL statement executed was: INSERT INTO 'tbl_post' ("title", "content", "tags", "status", "create_time", "update_time", "author_id") VALUES (:yp0, :yp1, :yp2, :yp3, :yp4, :yp5, :yp6)' in /var/www/html/yii-1.1.16.bca042/framework/db/CDbCommand.php:358
Stack trace:
#0 /var/www/html/yii-1.1.16.bca042/framework/db/ar/CActiveRecord.php(1080): CDbCommand->execute()
#1 /var/www/html/yii-1.1.16.bca042/framework/db/ar/CActiveRecord.php(809): CActiveRecord->insert(NULL)
#2 /var/www/html/blog2015/protected/controllers/TblPostController.php(73): CActiveRecord->save()
#3 /var/www/html/yii-1.1.16.bca042/framework/web/actions/CInlineAction.php(49): TblPostController->actionCreate()
#4 /var/www/html/yii-1.1.16.bca042/framework/web/CController.php(308): CInlineAction->runWithParams(Array)
#5 /var/www/html/yii-1.1.16.bca042/framework/web/filters/CFilterChain.php(133): CController->runAction(Object(CInlineAction))
#6 /var/www/html/yii-1.1.16.bca042/framework/web/filters/CFilter.php(40): CFilterChain->run()
#7 /var/www/html/yii-1.1.16.bca042/framework/web/CController.php(1145): CFilter->filter(Object(CFilterChain))
#8 /var/www/html/yii-1.1.16.bca042/framework/web/filters/CInlineFilter.php(58): CController->filterAccessControl(Object(CFilterChain))
#9 /var/www/html/yii-1.1.16.bca042/framework/web/filters/CFilterChain.php(130): CInlineFilter->filter(Object(CFilterChain))
#10 /var/www/html/yii-1.1.16.bca042/framework/web/CController.php(291): CFilterChain->run()
#11 /var/www/html/yii-1.1.16.bca042/framework/web/CController.php(265): CController->runActionWithFilters(Object(CInlineAction), Array)
#12 /var/www/html/yii-1.1.16.bca042/framework/web/CWebApplication.php(282): CController->run('create')
#13 /var/www/html/yii-1.1.16.bca042/framework/web/CWebApplication.php(141): CWebApplication->runController('tblPost/create')
#14 /var/www/html/yii-1.1.16.bca042/framework/base/CApplication.php(184): CWebApplication->processRequest()
#15 /var/www/html/blog2015/index.php(13): CApplication->run()
#16 {main}
REQUEST_URI=/blog2015/index.php?r=tblPost/create
HTTP_REFERER=http://localhost/blog2015/index.php?r=tblPost/create
---
2015/03/29 21:09:38 [error] [system.db.CDbCommand] CDbCommand::execute() failed: SQLSTATE[HY000]: General error: 8 attempt to write a readonly database. The SQL statement executed was: INSERT INTO 'tbl_post' ("title", "content", "tags", "status", "create_time", "update_time", "author_id") VALUES (:yp0, :yp1, :yp2, :yp3, :yp4, :yp5, :yp6).
in /var/www/html/blog2015/protected/controllers/TblPostController.php (73)
in /var/www/html/blog2015/index.php (13)
2015/03/29 21:09:38 [error] [exception.CDbException] exception 'CDbException' with message 'CDbCommand failed to execute the SQL statement: SQLSTATE[HY000]: General error: 8 attempt to write a readonly database. The SQL statement executed was: INSERT INTO 'tbl_post' ("title", "content", "tags", "status", "create_time", "update_time", "author_id") VALUES (:yp0, :yp1, :yp2, :yp3, :yp4, :yp5, :yp6)' in /var/www/html/yii-1.1.16.bca042/framework/db/CDbCommand.php:358
Stack trace:
#0 /var/www/html/yii-1.1.16.bca042/framework/db/ar/CActiveRecord.php(1080): CDbCommand->execute()
#1 /var/www/html/yii-1.1.16.bca042/framework/db/ar/CActiveRecord.php(809): CActiveRecord->insert(NULL)
#2 /var/www/html/blog2015/protected/controllers/TblPostController.php(73): CActiveRecord->save()
#3 /var/www/html/yii-1.1.16.bca042/framework/web/actions/CInlineAction.php(49): TblPostController->actionCreate()
#4 /var/www/html/yii-1.1.16.bca042/framework/web/CController.php(308): CInlineAction->runWithParams(Array)
#5 /var/www/html/yii-1.1.16.bca042/framework/web/filters/CFilterChain.php(133): CController->runAction(Object(CInlineAction))
#6 /var/www/html/yii-1.1.16.bca042/framework/web/filters/CFilter.php(40): CFilterChain->run()
#7 /var/www/html/yii-1.1.16.bca042/framework/web/CController.php(1145): CFilter->filter(Object(CFilterChain))
#8 /var/www/html/yii-1.1.16.bca042/framework/web/filters/CInlineFilter.php(58): CController->filterAccessControl(Object(CFilterChain))
#9 /var/www/html/yii-1.1.16.bca042/framework/web/filters/CFilterChain.php(130): CInlineFilter->filter(Object(CFilterChain))
#10 /var/www/html/yii-1.1.16.bca042/framework/web/CController.php(291): CFilterChain->run()
#11 /var/www/html/yii-1.1.16.bca042/framework/web/CController.php(265): CController->runActionWithFilters(Object(CInlineAction), Array)
#12 /var/www/html/yii-1.1.16.bca042/framework/web/CWebApplication.php(282): CController->run('create')
#13 /var/www/html/yii-1.1.16.bca042/framework/web/CWebApplication.php(141): CWebApplication->runController('tblPost/create')
#14 /var/www/html/yii-1.1.16.bca042/framework/base/CApplication.php(184): CWebApplication->processRequest()
#15 /var/www/html/blog2015/index.php(13): CApplication->run()
#16 {main}
REQUEST_URI=/blog2015/index.php?r=tblPost/create
HTTP_REFERER=http://localhost/blog2015/index.php?r=tblPost/create
---
2015/03/29 21:09:46 [error] [exception.CHttpException.403] exception 'CHttpException' with message 'You are not authorized to perform this action.' in /var/www/html/yii-1.1.16.bca042/framework/web/auth/CAccessControlFilter.php:182
Stack trace:
#0 /var/www/html/yii-1.1.16.bca042/framework/web/auth/CAccessControlFilter.php(145): CAccessControlFilter->accessDenied(Object(CWebUser), 'You are not aut...')
#1 /var/www/html/yii-1.1.16.bca042/framework/web/filters/CFilter.php(38): CAccessControlFilter->preFilter(Object(CFilterChain))
#2 /var/www/html/yii-1.1.16.bca042/framework/web/CController.php(1145): CFilter->filter(Object(CFilterChain))
#3 /var/www/html/yii-1.1.16.bca042/framework/web/filters/CInlineFilter.php(58): CController->filterAccessControl(Object(CFilterChain))
#4 /var/www/html/yii-1.1.16.bca042/framework/web/filters/CFilterChain.php(130): CInlineFilter->filter(Object(CFilterChain))
#5 /var/www/html/yii-1.1.16.bca042/framework/web/CController.php(291): CFilterChain->run()
#6 /var/www/html/yii-1.1.16.bca042/framework/web/CController.php(265): CController->runActionWithFilters(Object(CInlineAction), Array)
#7 /var/www/html/yii-1.1.16.bca042/framework/web/CWebApplication.php(282): CController->run('admin')
#8 /var/www/html/yii-1.1.16.bca042/framework/web/CWebApplication.php(141): CWebApplication->runController('tblPost/admin')
#9 /var/www/html/yii-1.1.16.bca042/framework/base/CApplication.php(184): CWebApplication->processRequest()
#10 /var/www/html/blog2015/index.php(13): CApplication->run()
#11 {main}
REQUEST_URI=/blog2015/index.php?r=tblPost/admin
HTTP_REFERER=http://localhost/blog2015/index.php?r=tblPost/create
---
2015/03/29 21:12:53 [error] [exception.CHttpException.403] exception 'CHttpException' with message 'You are not authorized to perform this action.' in /var/www/html/yii-1.1.16.bca042/framework/web/auth/CAccessControlFilter.php:182
Stack trace:
#0 /var/www/html/yii-1.1.16.bca042/framework/web/auth/CAccessControlFilter.php(145): CAccessControlFilter->accessDenied(Object(CWebUser), 'You are not aut...')
#1 /var/www/html/yii-1.1.16.bca042/framework/web/filters/CFilter.php(38): CAccessControlFilter->preFilter(Object(CFilterChain))
#2 /var/www/html/yii-1.1.16.bca042/framework/web/CController.php(1145): CFilter->filter(Object(CFilterChain))
#3 /var/www/html/yii-1.1.16.bca042/framework/web/filters/CInlineFilter.php(58): CController->filterAccessControl(Object(CFilterChain))
#4 /var/www/html/yii-1.1.16.bca042/framework/web/filters/CFilterChain.php(130): CInlineFilter->filter(Object(CFilterChain))
#5 /var/www/html/yii-1.1.16.bca042/framework/web/CController.php(291): CFilterChain->run()
#6 /var/www/html/yii-1.1.16.bca042/framework/web/CController.php(265): CController->runActionWithFilters(Object(CInlineAction), Array)
#7 /var/www/html/yii-1.1.16.bca042/framework/web/CWebApplication.php(282): CController->run('delete')
#8 /var/www/html/yii-1.1.16.bca042/framework/web/CWebApplication.php(141): CWebApplication->runController('tblPost/delete')
#9 /var/www/html/yii-1.1.16.bca042/framework/base/CApplication.php(184): CWebApplication->processRequest()
#10 /var/www/html/blog2015/index.php(13): CApplication->run()
#11 {main}
REQUEST_URI=/blog2015/index.php?r=tblPost/delete&id=3
HTTP_REFERER=http://localhost/blog2015/index.php?r=tblPost/view&id=3
---
2015/03/29 21:13:05 [error] [exception.CHttpException.403] exception 'CHttpException' with message 'You are not authorized to perform this action.' in /var/www/html/yii-1.1.16.bca042/framework/web/auth/CAccessControlFilter.php:182
Stack trace:
#0 /var/www/html/yii-1.1.16.bca042/framework/web/auth/CAccessControlFilter.php(145): CAccessControlFilter->accessDenied(Object(CWebUser), 'You are not aut...')
#1 /var/www/html/yii-1.1.16.bca042/framework/web/filters/CFilter.php(38): CAccessControlFilter->preFilter(Object(CFilterChain))
#2 /var/www/html/yii-1.1.16.bca042/framework/web/CController.php(1145): CFilter->filter(Object(CFilterChain))
#3 /var/www/html/yii-1.1.16.bca042/framework/web/filters/CInlineFilter.php(58): CController->filterAccessControl(Object(CFilterChain))
#4 /var/www/html/yii-1.1.16.bca042/framework/web/filters/CFilterChain.php(130): CInlineFilter->filter(Object(CFilterChain))
#5 /var/www/html/yii-1.1.16.bca042/framework/web/CController.php(291): CFilterChain->run()
#6 /var/www/html/yii-1.1.16.bca042/framework/web/CController.php(265): CController->runActionWithFilters(Object(CInlineAction), Array)
#7 /var/www/html/yii-1.1.16.bca042/framework/web/CWebApplication.php(282): CController->run('admin')
#8 /var/www/html/yii-1.1.16.bca042/framework/web/CWebApplication.php(141): CWebApplication->runController('tblPost/admin')
#9 /var/www/html/yii-1.1.16.bca042/framework/base/CApplication.php(184): CWebApplication->processRequest()
#10 /var/www/html/blog2015/index.php(13): CApplication->run()
#11 {main}
REQUEST_URI=/blog2015/index.php?r=tblPost/admin
HTTP_REFERER=http://localhost/blog2015/index.php?r=tblPost/view&id=3
---
2015/03/30 12:20:03 [error] [exception.CHttpException.403] exception 'CHttpException' with message 'You are not authorized to perform this action.' in /var/www/html/yii-1.1.16.bca042/framework/web/auth/CAccessControlFilter.php:182
Stack trace:
#0 /var/www/html/yii-1.1.16.bca042/framework/web/auth/CAccessControlFilter.php(145): CAccessControlFilter->accessDenied(Object(CWebUser), 'You are not aut...')
#1 /var/www/html/yii-1.1.16.bca042/framework/web/filters/CFilter.php(38): CAccessControlFilter->preFilter(Object(CFilterChain))
#2 /var/www/html/yii-1.1.16.bca042/framework/web/CController.php(1145): CFilter->filter(Object(CFilterChain))
#3 /var/www/html/yii-1.1.16.bca042/framework/web/filters/CInlineFilter.php(58): CController->filterAccessControl(Object(CFilterChain))
#4 /var/www/html/yii-1.1.16.bca042/framework/web/filters/CFilterChain.php(130): CInlineFilter->filter(Object(CFilterChain))
#5 /var/www/html/yii-1.1.16.bca042/framework/web/CController.php(291): CFilterChain->run()
#6 /var/www/html/yii-1.1.16.bca042/framework/web/CController.php(265): CController->runActionWithFilters(Object(CInlineAction), Array)
#7 /var/www/html/yii-1.1.16.bca042/framework/web/CWebApplication.php(282): CController->run('admin')
#8 /var/www/html/yii-1.1.16.bca042/framework/web/CWebApplication.php(141): CWebApplication->runController('tblPost/admin')
#9 /var/www/html/yii-1.1.16.bca042/framework/base/CApplication.php(184): CWebApplication->processRequest()
#10 /var/www/html/blog2015/index.php(13): CApplication->run()
#11 {main}
REQUEST_URI=/blog2015/index.php?r=tblPost/admin
HTTP_REFERER=http://localhost/blog2015/index.php?r=tblPost
---
2015/03/30 12:33:48 [error] [exception.CHttpException.404] exception 'CHttpException' with message 'Unable to resolve the request "tblpost".' in /var/www/html/yii-1.1.16.bca042/framework/web/CWebApplication.php:286
Stack trace:
#0 /var/www/html/yii-1.1.16.bca042/framework/web/CWebApplication.php(141): CWebApplication->runController('tblpost')
#1 /var/www/html/yii-1.1.16.bca042/framework/base/CApplication.php(184): CWebApplication->processRequest()
#2 /var/www/html/blog2015/index.php(13): CApplication->run()
#3 {main}
REQUEST_URI=/blog2015/index.php?r=tblpost
---
2015/03/30 12:33:54 [error] [exception.CHttpException.404] exception 'CHttpException' with message 'Unable to resolve the request "P".' in /var/www/html/yii-1.1.16.bca042/framework/web/CWebApplication.php:286
Stack trace:
#0 /var/www/html/yii-1.1.16.bca042/framework/web/CWebApplication.php(141): CWebApplication->runController('P')
#1 /var/www/html/yii-1.1.16.bca042/framework/base/CApplication.php(184): CWebApplication->processRequest()
#2 /var/www/html/blog2015/index.php(13): CApplication->run()
#3 {main}
REQUEST_URI=/blog2015/index.php?r=P
---
2015/03/30 12:33:59 [error] [php] include(Comment.php): failed to open stream: No such file or directory (/var/www/html/yii-1.1.16.bca042/framework/YiiBase.php:432)
Stack trace:
#0 /var/www/html/blog2015/protected/models/TblPost.php(58): spl_autoload_call()
#1 /var/www/html/yii-1.1.16.bca042/framework/db/ar/CActiveRecord.php(2411): TblPost->relations()
#2 /var/www/html/yii-1.1.16.bca042/framework/db/ar/CActiveRecord.php(411): CActiveRecordMetaData->__construct()
#3 /var/www/html/yii-1.1.16.bca042/framework/db/ar/CActiveRecord.php(661): TblPost->getMetaData()
#4 /var/www/html/yii-1.1.16.bca042/framework/db/ar/CActiveRecord.php(1606): TblPost->getTableSchema()
#5 /var/www/html/yii-1.1.16.bca042/framework/web/CActiveDataProvider.php(228): TblPost->count()
#6 /var/www/html/yii-1.1.16.bca042/framework/web/CDataProvider.php(224): CActiveDataProvider->calculateTotalItemCount()
#7 /var/www/html/yii-1.1.16.bca042/framework/web/CActiveDataProvider.php(178): CActiveDataProvider->getTotalItemCount()
#8 /var/www/html/yii-1.1.16.bca042/framework/web/CDataProvider.php(168): CActiveDataProvider->fetchData()
#9 /var/www/html/yii-1.1.16.bca042/framework/zii/widgets/CBaseListView.php(125): CActiveDataProvider->getData()
#10 /var/www/html/yii-1.1.16.bca042/framework/zii/widgets/CListView.php(211): CListView->init()
#11 /var/www/html/yii-1.1.16.bca042/framework/web/CBaseController.php(147): CListView->init()
#12 /var/www/html/yii-1.1.16.bca042/framework/web/CBaseController.php(180): TblPostController->createWidget()
#13 /var/www/html/blog2015/protected/views/tblPost/index.php(20): TblPostController->widget()
#14 /var/www/html/yii-1.1.16.bca042/framework/web/CBaseController.php(126): require()
#15 /var/www/html/yii-1.1.16.bca042/framework/web/CBaseController.php(95): TblPostController->renderInternal()
#16 /var/www/html/yii-1.1.16.bca042/framework/web/CController.php(869): TblPostController->renderFile()
#17 /var/www/html/yii-1.1.16.bca042/framework/web/CController.php(782): TblPostController->renderPartial()
#18 /var/www/html/blog2015/protected/controllers/TblPostController.php(128): TblPostController->render()
#19 /var/www/html/yii-1.1.16.bca042/framework/web/actions/CInlineAction.php(49): TblPostController->actionIndex()
#20 /var/www/html/yii-1.1.16.bca042/framework/web/CController.php(308): CInlineAction->runWithParams()
#21 /var/www/html/yii-1.1.16.bca042/framework/web/filters/CFilterChain.php(133): TblPostController->runAction()
#22 /var/www/html/yii-1.1.16.bca042/framework/web/filters/CFilter.php(40): CFilterChain->run()
#23 /var/www/html/yii-1.1.16.bca042/framework/web/CController.php(1145): CAccessControlFilter->filter()
#24 /var/www/html/yii-1.1.16.bca042/framework/web/filters/CInlineFilter.php(58): TblPostController->filterAccessControl()
#25 /var/www/html/yii-1.1.16.bca042/framework/web/filters/CFilterChain.php(130): CInlineFilter->filter()
#26 /var/www/html/yii-1.1.16.bca042/framework/web/CController.php(291): CFilterChain->run()
#27 /var/www/html/yii-1.1.16.bca042/framework/web/CController.php(265): TblPostController->runActionWithFilters()
#28 /var/www/html/yii-1.1.16.bca042/framework/web/CWebApplication.php(282): TblPostController->run()
#29 /var/www/html/yii-1.1.16.bca042/framework/web/CWebApplication.php(141): CWebApplication->runController()
#30 /var/www/html/yii-1.1.16.bca042/framework/base/CApplication.php(184): CWebApplication->processRequest()
#31 /var/www/html/blog2015/index.php(13): CWebApplication->run()
REQUEST_URI=/blog2015/index.php?r=tblPost
in /var/www/html/blog2015/protected/models/TblPost.php (58)
in /var/www/html/blog2015/protected/views/tblPost/index.php (20)
in /var/www/html/blog2015/protected/controllers/TblPostController.php (128)
2015/03/30 12:35:02 [error] [php] include(tblComment.php): failed to open stream: No such file or directory (/var/www/html/yii-1.1.16.bca042/framework/YiiBase.php:432)
Stack trace:
#0 /var/www/html/blog2015/protected/models/TblPost.php(58): spl_autoload_call()
#1 /var/www/html/yii-1.1.16.bca042/framework/db/ar/CActiveRecord.php(2411): TblPost->relations()
#2 /var/www/html/yii-1.1.16.bca042/framework/db/ar/CActiveRecord.php(411): CActiveRecordMetaData->__construct()
#3 /var/www/html/yii-1.1.16.bca042/framework/db/ar/CActiveRecord.php(661): TblPost->getMetaData()
#4 /var/www/html/yii-1.1.16.bca042/framework/db/ar/CActiveRecord.php(1606): TblPost->getTableSchema()
#5 /var/www/html/yii-1.1.16.bca042/framework/web/CActiveDataProvider.php(228): TblPost->count()
#6 /var/www/html/yii-1.1.16.bca042/framework/web/CDataProvider.php(224): CActiveDataProvider->calculateTotalItemCount()
#7 /var/www/html/yii-1.1.16.bca042/framework/web/CActiveDataProvider.php(178): CActiveDataProvider->getTotalItemCount()
#8 /var/www/html/yii-1.1.16.bca042/framework/web/CDataProvider.php(168): CActiveDataProvider->fetchData()
#9 /var/www/html/yii-1.1.16.bca042/framework/zii/widgets/CBaseListView.php(125): CActiveDataProvider->getData()
#10 /var/www/html/yii-1.1.16.bca042/framework/zii/widgets/CListView.php(211): CListView->init()
#11 /var/www/html/yii-1.1.16.bca042/framework/web/CBaseController.php(147): CListView->init()
#12 /var/www/html/yii-1.1.16.bca042/framework/web/CBaseController.php(180): TblPostController->createWidget()
#13 /var/www/html/blog2015/protected/views/tblPost/index.php(20): TblPostController->widget()
#14 /var/www/html/yii-1.1.16.bca042/framework/web/CBaseController.php(126): require()
#15 /var/www/html/yii-1.1.16.bca042/framework/web/CBaseController.php(95): TblPostController->renderInternal()
#16 /var/www/html/yii-1.1.16.bca042/framework/web/CController.php(869): TblPostController->renderFile()
#17 /var/www/html/yii-1.1.16.bca042/framework/web/CController.php(782): TblPostController->renderPartial()
#18 /var/www/html/blog2015/protected/controllers/TblPostController.php(128): TblPostController->render()
#19 /var/www/html/yii-1.1.16.bca042/framework/web/actions/CInlineAction.php(49): TblPostController->actionIndex()
#20 /var/www/html/yii-1.1.16.bca042/framework/web/CController.php(308): CInlineAction->runWithParams()
#21 /var/www/html/yii-1.1.16.bca042/framework/web/filters/CFilterChain.php(133): TblPostController->runAction()
#22 /var/www/html/yii-1.1.16.bca042/framework/web/filters/CFilter.php(40): CFilterChain->run()
#23 /var/www/html/yii-1.1.16.bca042/framework/web/CController.php(1145): CAccessControlFilter->filter()
#24 /var/www/html/yii-1.1.16.bca042/framework/web/filters/CInlineFilter.php(58): TblPostController->filterAccessControl()
#25 /var/www/html/yii-1.1.16.bca042/framework/web/filters/CFilterChain.php(130): CInlineFilter->filter()
#26 /var/www/html/yii-1.1.16.bca042/framework/web/CController.php(291): CFilterChain->run()
#27 /var/www/html/yii-1.1.16.bca042/framework/web/CController.php(265): TblPostController->runActionWithFilters()
#28 /var/www/html/yii-1.1.16.bca042/framework/web/CWebApplication.php(282): TblPostController->run()
#29 /var/www/html/yii-1.1.16.bca042/framework/web/CWebApplication.php(141): CWebApplication->runController()
#30 /var/www/html/yii-1.1.16.bca042/framework/base/CApplication.php(184): CWebApplication->processRequest()
#31 /var/www/html/blog2015/index.php(13): CWebApplication->run()
REQUEST_URI=/blog2015/index.php?r=tblPost
in /var/www/html/blog2015/protected/models/TblPost.php (58)
in /var/www/html/blog2015/protected/views/tblPost/index.php (20)
in /var/www/html/blog2015/protected/controllers/TblPostController.php (128)
2015/03/30 12:36:04 [error] [exception.CHttpException.404] exception 'CHttpException' with message 'Unable to resolve the request "P".' in /var/www/html/yii-1.1.16.bca042/framework/web/CWebApplication.php:286
Stack trace:
#0 /var/www/html/yii-1.1.16.bca042/framework/web/CWebApplication.php(141): CWebApplication->runController('P')
#1 /var/www/html/yii-1.1.16.bca042/framework/base/CApplication.php(184): CWebApplication->processRequest()
#2 /var/www/html/blog2015/index.php(13): CApplication->run()
#3 {main}
REQUEST_URI=/blog2015/index.php?r=P
---
2015/03/30 12:36:08 [error] [exception.CHttpException.404] exception 'CHttpException' with message 'Unable to resolve the request "tblpost".' in /var/www/html/yii-1.1.16.bca042/framework/web/CWebApplication.php:286
Stack trace:
#0 /var/www/html/yii-1.1.16.bca042/framework/web/CWebApplication.php(141): CWebApplication->runController('tblpost')
#1 /var/www/html/yii-1.1.16.bca042/framework/base/CApplication.php(184): CWebApplication->processRequest()
#2 /var/www/html/blog2015/index.php(13): CApplication->run()
#3 {main}
REQUEST_URI=/blog2015/index.php?r=tblpost
---
